<?xml version="1.0" encoding="UTF-8"?>
<!-- Generated by org.testng.reporters.JUnitXMLReporter -->
<testsuite ignored="9" hostname="Gokul" failures="0" tests="1" name="Default test" time="19.417" errors="0" timestamp="2023-03-20T09:07:54 IST">
  <testcase classname="com.crm.qa.testcases.DesktopPageTest" name="desktopPageProductCountTest" time="0.453"/>
  <testcase classname="com.crm.qa.testcases.DesktopPageTest" name="desktopPrizeTest" time="0.0">
    <ignored/>
  </testcase> <!-- desktopPrizeTest -->
  <testcase classname="com.crm.qa.testcases.DesktopPageTest" name="desktopPageTitleTest" time="0.0">
    <ignored/>
  </testcase> <!-- desktopPageTitleTest -->
  <testcase classname="com.crm.qa.testcases.DesktopPageTest" name="productComparison" time="0.0">
    <ignored/>
  </testcase> <!-- productComparison -->
  <testcase classname="com.crm.qa.testcases.DesktopPageTest" name="desktopPageWishlistTest" time="0.0">
    <ignored/>
  </testcase> <!-- desktopPageWishlistTest -->
  <testcase classname="com.crm.qa.testcases.DesktopPageTest" name="imgCheckTest" time="0.0">
    <ignored/>
  </testcase> <!-- imgCheckTest -->
  <testcase classname="com.crm.qa.testcases.DesktopPageTest" name="desktopViewGridListTest" time="0.0">
    <ignored/>
  </testcase> <!-- desktopViewGridListTest -->
  <testcase classname="com.crm.qa.testcases.DesktopPageTest" name="relatedProductTest" time="0.0">
    <ignored/>
  </testcase> <!-- relatedProductTest -->
  <testcase classname="com.crm.qa.testcases.DesktopPageTest" name="desktopPageFilterTest" time="0.0">
    <ignored/>
  </testcase> <!-- desktopPageFilterTest -->
  <testcase classname="com.crm.qa.testcases.DesktopPageTest" name="desktopPageProductCheckTest" time="0.0">
    <ignored/>
  </testcase> <!-- desktopPageProductCheckTest -->
</testsuite> <!-- Default test -->
